lab1/Demo_Android/app/build/intermediates/manifest_merge_blame_file/debug/manifest-merger-blame-debug-report.txt
1<?xml version="1.0" encoding="utf-8"?>
2<manifest xmlns:android="http://schemas.android.com/apk/res/android"
3    package="ca.yorku.eecs.mack.demoandroid"
4    android:versionCode="1"
5    android:versionName="1.0" >
6
7    <uses-sdk
8        android:minSdkVersion="13"
9        android:targetSdkVersion="27" />
10
11    <!-- NOTE: minSdkVersion and targetSdkVersion specified in build.gradle -->
12    <application
12-->src/main/AndroidManifest.xml:9:5-23:19
13        android:allowBackup="false"
13-->src/main/AndroidManifest.xml:11:9-36
14        android:debuggable="true"
15        android:extractNativeLibs="true"
16        android:icon="@mipmap/ic_launcher"
16-->src/main/AndroidManifest.xml:12:9-43
17        android:label="@string/app_name"
17-->src/main/AndroidManifest.xml:13:9-41
18        android:testOnly="true"
19        android:theme="@android:style/Theme.Holo" >
19-->src/main/AndroidManifest.xml:10:9-50
20        <activity
20-->src/main/AndroidManifest.xml:14:9-22:20
21            android:name="ca.yorku.eecs.mack.demoandroid.DemoAndroidActivity"
21-->src/main/AndroidManifest.xml:15:13-78
22            android:label="@string/app_name" >
22-->src/main/AndroidManifest.xml:16:13-45
23            <intent-filter>
23-->src/main/AndroidManifest.xml:17:13-21:29
24                <action android:name="android.intent.action.MAIN" />
24-->src/main/AndroidManifest.xml:18:17-68
24-->src/main/AndroidManifest.xml:18:25-66
25                <action android:name="android.intent.action.VIEW" />
25-->src/main/AndroidManifest.xml:19:17-69
25-->src/main/AndroidManifest.xml:19:25-66
26
27                <category android:name="android.intent.category.LAUNCHER" />
27-->src/main/AndroidManifest.xml:20:17-76
27-->src/main/AndroidManifest.xml:20:27-74
28            </intent-filter>
29        </activity>
30    </application>
31
32</manifest>